<?xml version="1.0" encoding="UTF-8"?>
<testsuite name="tourGuide.TestRewardsService" tests="1" skipped="0" failures="0" errors="0" timestamp="2023-02-27T13:18:19" hostname="DESKTOP-GS8JAMI" time="0.035">
  <properties/>
  <testcase name="isNotWithinAttractionProximity" classname="tourGuide.TestRewardsService" time="0.035"/>
  <system-out><![CDATA[]]></system-out>
  <system-err><![CDATA[]]></system-err>
</testsuite>
