<?xml version="1.0" encoding="UTF-8"?>
<testsuite name="tourGuide.TestRewardsService" tests="3" skipped="1" failures="0" errors="0" timestamp="2023-02-03T13:24:32" hostname="DESKTOP-GS8JAMI" time="0.399">
  <properties/>
  <testcase name="nearAllAttractions" classname="tourGuide.TestRewardsService" time="0.0">
    <skipped/>
  </testcase>
  <testcase name="userGetRewards" classname="tourGuide.TestRewardsService" time="0.375"/>
  <testcase name="isWithinAttractionProximity" classname="tourGuide.TestRewardsService" time="0.022"/>
  <system-out><![CDATA[14:24:32.440 [Test worker] INFO tourGuide.service.TourGuideService - TestMode enabled
14:24:32.446 [Test worker] DEBUG tourGuide.service.TourGuideService - Initializing users
14:24:32.449 [Test worker] DEBUG tourGuide.service.TourGuideService - Created 0 internal test users.
14:24:32.450 [Test worker] DEBUG tourGuide.service.TourGuideService - Finished initializing users
14:24:32.467 [pool-1-thread-1] DEBUG tourGuide.tracker.Tracker - Begin Tracker. Tracking 0 users.
14:24:32.468 [pool-1-thread-1] DEBUG tourGuide.tracker.Tracker - Tracker Time Elapsed: 0 seconds.
14:24:32.468 [pool-1-thread-1] DEBUG tourGuide.tracker.Tracker - Tracker sleeping
]]></system-out>
  <system-err><![CDATA[Feb 03, 2023 2:24:32 PM org.javamoney.moneta.DefaultMonetaryContextFactory createMonetaryContextNonNullConfig
INFO: Using custom MathContext: precision=256, roundingMode=HALF_EVEN
]]></system-err>
</testsuite>
